#Timing report of worst 1 path(s)
# Unit scale: 1e-09 seconds
# Output precision: 3

#Path 1
Startpoint: D.inpad[0] (.input clocked by virtual_io_clock)
Endpoint  : out:F.outpad[0] (.output clocked by virtual_io_clock)
Path Type : setup

Point                                                                 Incr      Path
------------------------------------------------------------------------------------
clock virtual_io_clock (rise edge)                                   0.000     0.000
clock source latency                                                 0.000     0.000
input external delay                                                 0.000     0.000
D.inpad[0] (.input)                                                  0.000     0.000
$iopadmap$boolean.D.I_PAD_$inp[0] (BIDIR_CELL)                       0.000     0.000
$iopadmap$boolean.D.I_DAT[0] (BIDIR_CELL)                           10.958    10.958
F_LUT4_O.c_frag.TB1[0] (C_FRAG)                                      0.000    10.958
F_LUT4_O.c_frag.CZ[0] (C_FRAG)                                       1.688    12.646
$iopadmap$boolean.F.O_DAT[0] (BIDIR_CELL)                            0.000    12.646
$iopadmap$boolean.F.O_PAD_$out[0] (BIDIR_CELL)                       9.809    22.455
out:F.outpad[0] (.output)                                            0.000    22.455
data arrival time                                                             22.455

clock virtual_io_clock (rise edge)                                   0.000     0.000
clock source latency                                                 0.000     0.000
clock uncertainty                                                    0.000     0.000
output external delay                                                0.000     0.000
data required time                                                             0.000
------------------------------------------------------------------------------------
data required time                                                             0.000
data arrival time                                                            -22.455
------------------------------------------------------------------------------------
slack (VIOLATED)                                                             -22.455


#End of timing report
