#Timing report of worst 1 path(s)
# Unit scale: 1e-09 seconds
# Output precision: 3

#Path 1
Startpoint: A.inpad[0] (.input clocked by virtual_io_clock)
Endpoint  : out:F.outpad[0] (.output clocked by virtual_io_clock)
Path Type : setup

Point                                                                 Incr      Path
------------------------------------------------------------------------------------
clock virtual_io_clock (rise edge)                                   0.000     0.000
clock source latency                                                 0.000     0.000
input external delay                                                 0.000     0.000
A.inpad[0] (.input)                                                  0.000     0.000
$iopadmap$boolean.A.I_PAD_$inp[0] (BIDIR_CELL)                       0.000     0.000
$iopadmap$boolean.A.I_DAT[0] (BIDIR_CELL)                           10.958    10.958
F_LUT4_O.c_frag.TSL[0] (C_FRAG)                                      7.030    17.988
F_LUT4_O.c_frag.CZ[0] (C_FRAG)                                       1.593    19.581
$iopadmap$boolean.F.O_DAT[0] (BIDIR_CELL)                            8.130    27.711
$iopadmap$boolean.F.O_PAD_$out[0] (BIDIR_CELL)                       9.809    37.520
out:F.outpad[0] (.output)                                            0.000    37.520
data arrival time                                                             37.520

clock virtual_io_clock (rise edge)                                   0.000     0.000
clock source latency                                                 0.000     0.000
clock uncertainty                                                    0.000     0.000
output external delay                                                0.000     0.000
data required time                                                             0.000
------------------------------------------------------------------------------------
data required time                                                             0.000
data arrival time                                                            -37.520
------------------------------------------------------------------------------------
slack (VIOLATED)                                                             -37.520


#End of timing report
