This is pdfTeX, Version 3.14159265-2.6-1.40.20 (TeX Live 2019/Debian) (preloaded format=pdflatex 2022.9.4)  9 JAN 2023 12:32
entering extended mode
 restricted \write18 enabled.
 %&-line parsing enabled.
**main.tex
(./main.tex
LaTeX2e <2020-02-02> patch level 2
L3 programming layer <2020-02-14>
(/usr/share/texlive/texmf-dist/tex/latex/IEEEtran/IEEEtran.cls
Document Class: IEEEtran 2015/08/26 V1.8b by Michael Shell
-- See the "IEEEtran_HOWTO" manual for usage information.
-- http://www.michaelshell.org/tex/ieeetran/
\@IEEEtrantmpdimenA=\dimen134
\@IEEEtrantmpdimenB=\dimen135
\@IEEEtrantmpdimenC=\dimen136
\@IEEEtrantmpcountA=\count167
\@IEEEtrantmpcountB=\count168
\@IEEEtrantmpcountC=\count169
\@IEEEtrantmptoksA=\toks14
LaTeX Font Info:    Trying to load font information for OT1+ptm on input line 5
03.
(/usr/share/texlive/texmf-dist/tex/latex/psnfss/ot1ptm.fd
File: ot1ptm.fd 2001/06/04 font definitions for OT1/ptm.
)
** ATTENTION: Single column mode is not typically used with IEEE publications.
-- Using 8.5in x 11in (letter) paper.
-- Using PDF output.
\@IEEEnormalsizeunitybaselineskip=\dimen137
-- This is a 10 point document.
\CLASSINFOnormalsizebaselineskip=\dimen138
\CLASSINFOnormalsizeunitybaselineskip=\dimen139
\IEEEnormaljot=\dimen140
LaTeX Font Info:    Font shape `OT1/ptm/bx/n' in size <5> not available
(Font)              Font shape `OT1/ptm/b/n' tried instead on input line 1090.
LaTeX Font Info:    Font shape `OT1/ptm/bx/it' in size <5> not available
(Font)              Font shape `OT1/ptm/b/it' tried instead on input line 1090.

LaTeX Font Info:    Font shape `OT1/ptm/bx/n' in size <7> not available
(Font)              Font shape `OT1/ptm/b/n' tried instead on input line 1090.
LaTeX Font Info:    Font shape `OT1/ptm/bx/it' in size <7> not available
(Font)              Font shape `OT1/ptm/b/it' tried instead on input line 1090.

LaTeX Font Info:    Font shape `OT1/ptm/bx/n' in size <8> not available
(Font)              Font shape `OT1/ptm/b/n' tried instead on input line 1090.
LaTeX Font Info:    Font shape `OT1/ptm/bx/it' in size <8> not available
(Font)              Font shape `OT1/ptm/b/it' tried instead on input line 1090.

LaTeX Font Info:    Font shape `OT1/ptm/bx/n' in size <9> not available
(Font)              Font shape `OT1/ptm/b/n' tried instead on input line 1090.
LaTeX Font Info:    Font shape `OT1/ptm/bx/it' in size <9> not available
(Font)              Font shape `OT1/ptm/b/it' tried instead on input line 1090.

LaTeX Font Info:    Font shape `OT1/ptm/bx/n' in size <10> not available
(Font)              Font shape `OT1/ptm/b/n' tried instead on input line 1090.
LaTeX Font Info:    Font shape `OT1/ptm/bx/it' in size <10> not available
(Font)              Font shape `OT1/ptm/b/it' tried instead on input line 1090.

LaTeX Font Info:    Font shape `OT1/ptm/bx/n' in size <11> not available
(Font)              Font shape `OT1/ptm/b/n' tried instead on input line 1090.
LaTeX Font Info:    Font shape `OT1/ptm/bx/it' in size <11> not available
(Font)              Font shape `OT1/ptm/b/it' tried instead on input line 1090.

LaTeX Font Info:    Font shape `OT1/ptm/bx/n' in size <12> not available
(Font)              Font shape `OT1/ptm/b/n' tried instead on input line 1090.
LaTeX Font Info:    Font shape `OT1/ptm/bx/it' in size <12> not available
(Font)              Font shape `OT1/ptm/b/it' tried instead on input line 1090.

LaTeX Font Info:    Font shape `OT1/ptm/bx/n' in size <17> not available
(Font)              Font shape `OT1/ptm/b/n' tried instead on input line 1090.
LaTeX Font Info:    Font shape `OT1/ptm/bx/it' in size <17> not available
(Font)              Font shape `OT1/ptm/b/it' tried instead on input line 1090.

LaTeX Font Info:    Font shape `OT1/ptm/bx/n' in size <20> not available
(Font)              Font shape `OT1/ptm/b/n' tried instead on input line 1090.
LaTeX Font Info:    Font shape `OT1/ptm/bx/it' in size <20> not available
(Font)              Font shape `OT1/ptm/b/it' tried instead on input line 1090.

LaTeX Font Info:    Font shape `OT1/ptm/bx/n' in size <24> not available
(Font)              Font shape `OT1/ptm/b/n' tried instead on input line 1090.
LaTeX Font Info:    Font shape `OT1/ptm/bx/it' in size <24> not available
(Font)              Font shape `OT1/ptm/b/it' tried instead on input line 1090.

\IEEEquantizedlength=\dimen141
\IEEEquantizedlengthdiff=\dimen142
\IEEEquantizedtextheightdiff=\dimen143
\IEEEilabelindentA=\dimen144
\IEEEilabelindentB=\dimen145
\IEEEilabelindent=\dimen146
\IEEEelabelindent=\dimen147
\IEEEdlabelindent=\dimen148
\IEEElabelindent=\dimen149
\IEEEiednormlabelsep=\dimen150
\IEEEiedmathlabelsep=\dimen151
\IEEEiedtopsep=\skip47
\c@section=\count170
\c@subsection=\count171
\c@subsubsection=\count172
\c@paragraph=\count173
\c@IEEEsubequation=\count174
\abovecaptionskip=\skip48
\belowcaptionskip=\skip49
\c@figure=\count175
\c@table=\count176
\@IEEEeqnnumcols=\count177
\@IEEEeqncolcnt=\count178
\@IEEEsubeqnnumrollback=\count179
\@IEEEquantizeheightA=\dimen152
\@IEEEquantizeheightB=\dimen153
\@IEEEquantizeheightC=\dimen154
\@IEEEquantizeprevdepth=\dimen155
\@IEEEquantizemultiple=\count180
\@IEEEquantizeboxA=\box45
\@IEEEtmpitemindent=\dimen156
\IEEEPARstartletwidth=\dimen157
\c@IEEEbiography=\count181
\@IEEEtranrubishbin=\box46
) (/usr/share/texlive/texmf-dist/tex/latex/graphics/graphicx.sty
Package: graphicx 2019/11/30 v1.2a Enhanced LaTeX Graphics (DPC,SPQR)

(/usr/share/texlive/texmf-dist/tex/latex/graphics/keyval.sty
Package: keyval 2014/10/28 v1.15 key=value parser (DPC)
\KV@toks@=\toks15
)
(/usr/share/texlive/texmf-dist/tex/latex/graphics/graphics.sty
Package: graphics 2019/11/30 v1.4a Standard LaTeX Graphics (DPC,SPQR)

(/usr/share/texlive/texmf-dist/tex/latex/graphics/trig.sty
Package: trig 2016/01/03 v1.10 sin cos tan (DPC)
)
(/usr/share/texlive/texmf-dist/tex/latex/graphics-cfg/graphics.cfg
File: graphics.cfg 2016/06/04 v1.11 sample graphics configuration
)
Package graphics Info: Driver file: pdftex.def on input line 105.

(/usr/share/texlive/texmf-dist/tex/latex/graphics-def/pdftex.def
File: pdftex.def 2018/01/08 v1.0l Graphics/color driver for pdftex
))
\Gin@req@height=\dimen158
\Gin@req@width=\dimen159
)
(/usr/share/texlive/texmf-dist/tex/latex/geometry/geometry.sty
Package: geometry 2020/01/02 v5.9 Page Geometry

(/usr/share/texlive/texmf-dist/tex/generic/iftex/ifvtex.sty
Package: ifvtex 2019/10/25 v1.7 ifvtex legacy package. Use iftex instead.

(/usr/share/texlive/texmf-dist/tex/generic/iftex/iftex.sty
Package: iftex 2019/11/07 v1.0c TeX engine tests
))
\Gm@cnth=\count182
\Gm@cntv=\count183
\c@Gm@tempcnt=\count184
\Gm@bindingoffset=\dimen160
\Gm@wd@mp=\dimen161
\Gm@odd@mp=\dimen162
\Gm@even@mp=\dimen163
\Gm@layoutwidth=\dimen164
\Gm@layoutheight=\dimen165
\Gm@layouthoffset=\dimen166
\Gm@layoutvoffset=\dimen167
\Gm@dimlist=\toks16
)
(/usr/share/texlive/texmf-dist/tex/latex/amsmath/amsmath.sty
Package: amsmath 2020/01/20 v2.17e AMS math features
\@mathmargin=\skip50

For additional information on amsmath, use the `?' option.
(/usr/share/texlive/texmf-dist/tex/latex/amsmath/amstext.sty
Package: amstext 2000/06/29 v2.01 AMS text

(/usr/share/texlive/texmf-dist/tex/latex/amsmath/amsgen.sty
File: amsgen.sty 1999/11/30 v2.0 generic functions
\@emptytoks=\toks17
\ex@=\dimen168
))
(/usr/share/texlive/texmf-dist/tex/latex/amsmath/amsbsy.sty
Package: amsbsy 1999/11/29 v1.2d Bold Symbols
\pmbraise@=\dimen169
)
(/usr/share/texlive/texmf-dist/tex/latex/amsmath/amsopn.sty
Package: amsopn 2016/03/08 v2.02 operator names
)
\inf@bad=\count185
LaTeX Info: Redefining \frac on input line 227.
\uproot@=\count186
\leftroot@=\count187
LaTeX Info: Redefining \overline on input line 389.
\classnum@=\count188
\DOTSCASE@=\count189
LaTeX Info: Redefining \ldots on input line 486.
LaTeX Info: Redefining \dots on input line 489.
LaTeX Info: Redefining \cdots on input line 610.
\Mathstrutbox@=\box47
\strutbox@=\box48
\big@size=\dimen170
LaTeX Font Info:    Redeclaring font encoding OML on input line 733.
LaTeX Font Info:    Redeclaring font encoding OMS on input line 734.
\macc@depth=\count190
\c@MaxMatrixCols=\count191
\dotsspace@=\muskip16
\c@parentequation=\count192
\dspbrk@lvl=\count193
\tag@help=\toks18
\row@=\count194
\column@=\count195
\maxfields@=\count196
\andhelp@=\toks19
\eqnshift@=\dimen171
\alignsep@=\dimen172
\tagshift@=\dimen173
\tagwidth@=\dimen174
\totwidth@=\dimen175
\lineht@=\dimen176
\@envbody=\toks20
\multlinegap=\skip51
\multlinetaggap=\skip52
\mathdisplay@stack=\toks21
LaTeX Info: Redefining \[ on input line 2859.
LaTeX Info: Redefining \] on input line 2860.
)
(/usr/share/texlive/texmf-dist/tex/latex/amsfonts/amssymb.sty
Package: amssymb 2013/01/14 v3.01 AMS font symbols

(/usr/share/texlive/texmf-dist/tex/latex/amsfonts/amsfonts.sty
Package: amsfonts 2013/01/14 v3.01 Basic AMSFonts support
\symAMSa=\mathgroup4
\symAMSb=\mathgroup5
LaTeX Font Info:    Redeclaring math symbol \hbar on input line 98.
LaTeX Font Info:    Overwriting math alphabet `\mathfrak' in version `bold'
(Font)                  U/euf/m/n --> U/euf/b/n on input line 106.
))
(/usr/share/texlive/texmf-dist/tex/latex/tools/array.sty
Package: array 2019/08/31 v2.4l Tabular extension package (FMi)
\col@sep=\dimen177
\ar@mcellbox=\box49
\extrarowheight=\dimen178
\NC@list=\toks22
\extratabsurround=\skip53
\backup@length=\skip54
\ar@cellbox=\box50
)
(/usr/share/texlive/texmf-dist/tex/latex/booktabs/booktabs.sty
Package: booktabs 2020/01/12 v1.61803398 Publication quality tables
\heavyrulewidth=\dimen179
\lightrulewidth=\dimen180
\cmidrulewidth=\dimen181
\belowrulesep=\dimen182
\belowbottomsep=\dimen183
\aboverulesep=\dimen184
\abovetopsep=\dimen185
\cmidrulesep=\dimen186
\cmidrulekern=\dimen187
\defaultaddspace=\dimen188
\@cmidla=\count197
\@cmidlb=\count198
\@aboverulesep=\dimen189
\@belowrulesep=\dimen190
\@thisruleclass=\count199
\@lastruleclass=\count266
\@thisrulewidth=\dimen191
)
(/usr/share/texlive/texmf-dist/tex/latex/mathtools/mathtools.sty
Package: mathtools 2020/01/17 v1.23 mathematical typesetting tools

(/usr/share/texlive/texmf-dist/tex/latex/tools/calc.sty
Package: calc 2017/05/25 v4.3 Infix arithmetic (KKT,FJ)
\calc@Acount=\count267
\calc@Bcount=\count268
\calc@Adimen=\dimen192
\calc@Bdimen=\dimen193
\calc@Askip=\skip55
\calc@Bskip=\skip56
LaTeX Info: Redefining \setlength on input line 80.
LaTeX Info: Redefining \addtolength on input line 81.
\calc@Ccount=\count269
\calc@Cskip=\skip57
)
(/usr/share/texlive/texmf-dist/tex/latex/mathtools/mhsetup.sty
Package: mhsetup 2017/03/31 v1.3 programming setup (MH)
)
LaTeX Info: Thecontrolsequence`\('isalreadyrobust on input line 129.
LaTeX Info: Thecontrolsequence`\)'isalreadyrobust on input line 129.
LaTeX Info: Thecontrolsequence`\['isalreadyrobust on input line 129.
LaTeX Info: Thecontrolsequence`\]'isalreadyrobust on input line 129.
\g_MT_multlinerow_int=\count270
\l_MT_multwidth_dim=\dimen194
\origjot=\skip58
\l_MT_shortvdotswithinadjustabove_dim=\dimen195
\l_MT_shortvdotswithinadjustbelow_dim=\dimen196
\l_MT_above_intertext_sep=\dimen197
\l_MT_below_intertext_sep=\dimen198
\l_MT_above_shortintertext_sep=\dimen199
\l_MT_below_shortintertext_sep=\dimen256
)
(/usr/share/texlive/texmf-dist/tex/generic/dirtree/dirtree.sty
Package: dirtree 2012/12/11 v0.32 package wrapper for dirtree

(/usr/share/texlive/texmf-dist/tex/generic/dirtree/dirtree.tex
`dirtree' v0.32, 2012/12/11 (jcc)
\DT@offset=\dimen257
\DT@width=\dimen258
\DT@sep=\dimen259
\DT@all=\dimen260
\DT@rulewidth=\dimen261
\DT@dotwidth=\dimen262
\DTbaselineskip=\dimen263
\DT@counti=\count271
\DT@countii=\count272
\DT@countiii=\count273
\DT@countiv=\count274
\DT@indent=\dimen264
\DT@parskip=\dimen265
\DT@baselineskip=\dimen266
)
File: dirtree.tex 2012/12/11 v0.32 `dirtree' (jcc)
)
(/usr/share/texlive/texmf-dist/tex/latex/xcolor/xcolor.sty
Package: xcolor 2016/05/11 v2.12 LaTeX color extensions (UK)

(/usr/share/texlive/texmf-dist/tex/latex/graphics-cfg/color.cfg
File: color.cfg 2016/01/02 v1.6 sample color configuration
)
Package xcolor Info: Driver file: pdftex.def on input line 225.
Package xcolor Info: Model `cmy' substituted by `cmy0' on input line 1348.
Package xcolor Info: Model `hsb' substituted by `rgb' on input line 1352.
Package xcolor Info: Model `RGB' extended on input line 1364.
Package xcolor Info: Model `HTML' substituted by `rgb' on input line 1366.
Package xcolor Info: Model `Hsb' substituted by `hsb' on input line 1367.
Package xcolor Info: Model `tHsb' substituted by `hsb' on input line 1368.
Package xcolor Info: Model `HSB' substituted by `hsb' on input line 1369.
Package xcolor Info: Model `Gray' substituted by `gray' on input line 1370.
Package xcolor Info: Model `wave' substituted by `hsb' on input line 1371.
)
(/usr/share/texlive/texmf-dist/tex/latex/float/float.sty
Package: float 2001/11/08 v1.3d Float enhancements (AL)
\c@float@type=\count275
\float@exts=\toks23
\float@box=\box51
\@float@everytoks=\toks24
\@floatcapt=\box52
)
(/usr/share/texlive/texmf-dist/tex/latex/caption/caption.sty
Package: caption 2020/01/03 v3.4h Customizing captions (AR)

(/usr/share/texlive/texmf-dist/tex/latex/caption/caption3.sty
Package: caption3 2020/01/03 v1.8h caption3 kernel (AR)
Package caption3 Info: TeX engine: e-TeX on input line 61.
\captionmargin=\dimen267
\captionmargin@=\dimen268
\captionwidth=\dimen269
\caption@tempdima=\dimen270
\caption@indent=\dimen271
\caption@parindent=\dimen272
\caption@hangindent=\dimen273
Package caption Info: Unknown document class (or package),
(caption)             standard defaults will be used.
Package caption Info: \@makecaption = \long macro:#1#2->\ifx \@captype \@IEEEta
blestring \footnotesize \bgroup \par \centering \@IEEEtabletopskipstrut {\norma
lfont \footnotesize #1}\\{\normalfont \footnotesize \scshape #2}\par \addvspace
 {0.5\baselineskip }\egroup \@IEEEtablecaptionsepspace \else \@IEEEfigurecaptio
nsepspace \setbox \@tempboxa \hbox {\normalfont \footnotesize {#1.}\nobreakspac
e \nobreakspace #2}\ifdim \wd \@tempboxa >\hsize \setbox \@tempboxa \hbox {\nor
malfont \footnotesize {#1.}\nobreakspace \nobreakspace }\parbox [t]{\hsize }{\n
ormalfont \footnotesize \noindent \unhbox \@tempboxa #2}\else \ifCLASSOPTIONcon
ference \hbox to\hsize {\normalfont \footnotesize \hfil \box \@tempboxa \hfil }
\else \hbox to\hsize {\normalfont \footnotesize \box \@tempboxa \hfil }\fi \fi 
\fi  on input line 1082.
)

Package caption Warning: Unknown document class (or package),
(caption)                standard defaults will be used.
See the caption package documentation for explanation.

\c@caption@flags=\count276
\c@continuedfloat=\count277
Package caption Info: float package is loaded.
) (/usr/share/texlive/texmf-dist/tex/latex/enumitem/enumitem.sty
Package: enumitem 2019/06/20 v3.9 Customized lists
\labelindent=\skip59
\enit@outerparindent=\dimen274
\enit@toks=\toks25
\enit@inbox=\box53
\enit@count@id=\count278
\enitdp@description=\count279
)
(/usr/share/texlive/texmf-dist/tex/latex/listings/listings.sty
\lst@mode=\count280
\lst@gtempboxa=\box54
\lst@token=\toks26
\lst@length=\count281
\lst@currlwidth=\dimen275
\lst@column=\count282
\lst@pos=\count283
\lst@lostspace=\dimen276
\lst@width=\dimen277
\lst@newlines=\count284
\lst@lineno=\count285
\lst@maxwidth=\dimen278

(/usr/share/texlive/texmf-dist/tex/latex/listings/lstmisc.sty
File: lstmisc.sty 2019/09/10 1.8c (Carsten Heinz)
\c@lstnumber=\count286
\lst@skipnumbers=\count287
\lst@framebox=\box55
)
(/usr/share/texlive/texmf-dist/tex/latex/listings/listings.cfg
File: listings.cfg 2019/09/10 1.8c listings configuration
))
Package: listings 2019/09/10 1.8c (Carsten Heinz)

(/usr/share/texlive/texmf-dist/tex/latex/fancyvrb/fancyvrb.sty
Package: fancyvrb 2020/01/13 v3.5 verbatim text (tvz,hv)
\FV@CodeLineNo=\count288
\FV@InFile=\read2
\FV@TabBox=\box56
\c@FancyVerbLine=\count289
\FV@StepNumber=\count290
\FV@OutFile=\write3
)
\c@Chapcounter=\count291

(/usr/share/texlive/texmf-dist/tex/latex/l3backend/l3backend-pdfmode.def
File: l3backend-pdfmode.def 2020-02-03 L3 backend support: PDF mode
\l__kernel_color_stack_int=\count292
\l__pdf_internal_box=\box57
)
(./main.aux)
\openout1 = `main.aux'.

LaTeX Font Info:    Checking defaults for OML/cmm/m/it on input line 88.
LaTeX Font Info:    ... okay on input line 88.
LaTeX Font Info:    Checking defaults for OMS/cmsy/m/n on input line 88.
LaTeX Font Info:    ... okay on input line 88.
LaTeX Font Info:    Checking defaults for OT1/cmr/m/n on input line 88.
LaTeX Font Info:    ... okay on input line 88.
LaTeX Font Info:    Checking defaults for T1/cmr/m/n on input line 88.
LaTeX Font Info:    ... okay on input line 88.
LaTeX Font Info:    Checking defaults for TS1/cmr/m/n on input line 88.
LaTeX Font Info:    ... okay on input line 88.
LaTeX Font Info:    Checking defaults for OMX/cmex/m/n on input line 88.
LaTeX Font Info:    ... okay on input line 88.
LaTeX Font Info:    Checking defaults for U/cmr/m/n on input line 88.
LaTeX Font Info:    ... okay on input line 88.

-- Lines per column: 60 (approximate, difference = 2.7pt).
(/usr/share/texlive/texmf-dist/tex/context/base/mkii/supp-pdf.mkii
[Loading MPS to PDF converter (version 2006.09.02).]
\scratchcounter=\count293
\scratchdimen=\dimen279
\scratchbox=\box58
\nofMPsegments=\count294
\nofMParguments=\count295
\everyMPshowfont=\toks27
\MPscratchCnt=\count296
\MPscratchDim=\dimen280
\MPnumerator=\count297
\makeMPintoPDFobject=\count298
\everyMPtoPDFconversion=\toks28
) (/usr/share/texlive/texmf-dist/tex/latex/epstopdf-pkg/epstopdf-base.sty
Package: epstopdf-base 2020-01-24 v2.11 Base part for package epstopdf
Package epstopdf-base Info: Redefining graphics rule for `.eps' on input line 4
85.

(/usr/share/texlive/texmf-dist/tex/latex/latexconfig/epstopdf-sys.cfg
File: epstopdf-sys.cfg 2010/07/13 v1.3 Configuration of (r)epstopdf for TeX Liv
e
))
*geometry* driver: auto-detecting
*geometry* detected driver: pdftex
*geometry* verbose mode - [ preamble ] result:
* driver: pdftex
* paper: <default>
* layout: <same size as paper>
* layoutoffset:(h,v)=(0.0pt,0.0pt)
* modes: 
* h-part:(L,W,R)=(36.135pt, 542.02501pt, 36.135pt)
* v-part:(T,H,B)=(36.135pt, 722.7pt, 36.135pt)
* \paperwidth=614.295pt
* \paperheight=794.96999pt
* \textwidth=542.02501pt
* \textheight=722.7pt
* \oddsidemargin=-36.135pt
* \evensidemargin=-36.135pt
* \topmargin=-69.47699pt
* \headheight=12.0pt
* \headsep=21.342pt
* \topskip=12.0pt
* \footskip=25.80774pt
* \marginparwidth=20.0pt
* \marginparsep=10.0pt
* \columnsep=12.0pt
* \skip\footins=10.79993pt plus 4.79993pt minus 2.39996pt
* \hoffset=0.0pt
* \voffset=0.0pt
* \mag=1000
* \@twocolumnfalse
* \@twosidefalse
* \@mparswitchfalse
* \@reversemarginfalse
* (1in=72.27pt=25.4mm, 1cm=28.453pt)

Package caption Info: Begin \AtBeginDocument code.
Package caption Info: listings package is loaded.
Package caption Info: End \AtBeginDocument code.
\c@lstlisting=\count299
(./main.toc
LaTeX Font Info:    Trying to load font information for U+msa on input line 19.

 (/usr/share/texlive/texmf-dist/tex/latex/amsfonts/umsa.fd
File: umsa.fd 2013/01/14 v3.01 AMS symbols A
)
LaTeX Font Info:    Trying to load font information for U+msb on input line 19.


(/usr/share/texlive/texmf-dist/tex/latex/amsfonts/umsb.fd
File: umsb.fd 2013/01/14 v3.01 AMS symbols B
))
\tf@toc=\write4
\openout4 = `main.toc'.

 [1{/var/lib/texmf/fonts/map/pdftex/updmap/pdftex.map}] [2]
<./figs/chapter1/pmf.pdf, id=23, 462.52798pt x 346.89601pt>
File: ./figs/chapter1/pmf.pdf Graphic file (type pdf)
<use ./figs/chapter1/pmf.pdf>
Package pdftex.def Info: ./figs/chapter1/pmf.pdf  used on input line 280.
(pdftex.def)             Requested size: 542.02501pt x 406.53893pt.
 [3]
LaTeX Font Info:    Trying to load font information for OT1+pcr on input line 2
85.

(/usr/share/texlive/texmf-dist/tex/latex/psnfss/ot1pcr.fd
File: ot1pcr.fd 2001/06/04 font definitions for OT1/pcr.
)
<./figs/chapter2/uni_cdf.pdf, id=27, 462.52798pt x 346.89601pt>
File: ./figs/chapter2/uni_cdf.pdf Graphic file (type pdf)
<use ./figs/chapter2/uni_cdf.pdf>
Package pdftex.def Info: ./figs/chapter2/uni_cdf.pdf  used on input line 317.
(pdftex.def)             Requested size: 542.02501pt x 406.53893pt.
 [4 <./figs/chapter1/pmf.pdf>] [5 <./figs/chapter2/uni_cdf.pdf>]
<./figs/chapter2/gau_cdf.pdf, id=109, 462.52798pt x 346.89601pt>
File: ./figs/chapter2/gau_cdf.pdf Graphic file (type pdf)
<use ./figs/chapter2/gau_cdf.pdf>
Package pdftex.def Info: ./figs/chapter2/gau_cdf.pdf  used on input line 427.
(pdftex.def)             Requested size: 542.02501pt x 406.53893pt.
 [6]
<./figs/chapter2/gau_pdf.pdf, id=113, 462.52798pt x 346.89601pt>
File: ./figs/chapter2/gau_pdf.pdf Graphic file (type pdf)
<use ./figs/chapter2/gau_pdf.pdf>
Package pdftex.def Info: ./figs/chapter2/gau_pdf.pdf  used on input line 452.
(pdftex.def)             Requested size: 542.02501pt x 406.53893pt.
 [7 <./figs/chapter2/gau_cdf.pdf>] [8 <./figs/chapter2/gau_pdf.pdf>]
<./figs/chapter2/log_uni_cdf.pdf, id=182, 462.52798pt x 346.89601pt>
File: ./figs/chapter2/log_uni_cdf.pdf Graphic file (type pdf)
<use ./figs/chapter2/log_uni_cdf.pdf>
Package pdftex.def Info: ./figs/chapter2/log_uni_cdf.pdf  used on input line 51
8.
(pdftex.def)             Requested size: 542.02501pt x 406.53893pt.
 [9]
<./figs/chapter2/tri_cdf.pdf, id=186, 462.52798pt x 346.89601pt>
File: ./figs/chapter2/tri_cdf.pdf Graphic file (type pdf)
<use ./figs/chapter2/tri_cdf.pdf>
Package pdftex.def Info: ./figs/chapter2/tri_cdf.pdf  used on input line 558.
(pdftex.def)             Requested size: 542.02501pt x 406.53893pt.
 [10 <./figs/chapter2/log_uni_cdf.pdf>]
<./figs/chapter2/tri_pdf.pdf, id=229, 462.52798pt x 346.89601pt>
File: ./figs/chapter2/tri_pdf.pdf Graphic file (type pdf)
<use ./figs/chapter2/tri_pdf.pdf>
Package pdftex.def Info: ./figs/chapter2/tri_pdf.pdf  used on input line 569.
(pdftex.def)             Requested size: 542.02501pt x 406.53893pt.
[11 <./figs/chapter2/tri_cdf.pdf>]
(/usr/share/texlive/texmf-dist/tex/latex/listings/lstlang1.sty
File: lstlang1.sty 2019/09/10 1.8c listings language file
) [12 <./figs/chapter2/tri_pdf.pdf>]
<./figs/chapter3/bpsk_scatter.pdf, id=313, 462.52798pt x 346.89601pt>
File: ./figs/chapter3/bpsk_scatter.pdf Graphic file (type pdf)
<use ./figs/chapter3/bpsk_scatter.pdf>
Package pdftex.def Info: ./figs/chapter3/bpsk_scatter.pdf  used on input line 6
34.
(pdftex.def)             Requested size: 542.02501pt x 406.53893pt.
 [13 <./figs/chapter3/bpsk_scatter.pdf>]
<./figs/chapter3/bpsk_pe_snr.pdf, id=340, 462.52798pt x 346.89601pt>
File: ./figs/chapter3/bpsk_pe_snr.pdf Graphic file (type pdf)
<use ./figs/chapter3/bpsk_pe_snr.pdf>
Package pdftex.def Info: ./figs/chapter3/bpsk_pe_snr.pdf  used on input line 70
5.
(pdftex.def)             Requested size: 542.02501pt x 406.53893pt.
 [14] [15 <./figs/chapter3/bpsk_pe_snr.pdf>]
Underfull \hbox (badness 10000) in paragraph at lines 774--777

 []

<./figs/chapter3/bpsk_map_density.pdf, id=388, 462.52798pt x 346.89601pt>
File: ./figs/chapter3/bpsk_map_density.pdf Graphic file (type pdf)
<use ./figs/chapter3/bpsk_map_density.pdf>
Package pdftex.def Info: ./figs/chapter3/bpsk_map_density.pdf  used on input li
ne 789.
(pdftex.def)             Requested size: 542.02501pt x 406.53893pt.
[16]
<./figs/chapter4/chisq_cdf.pdf, id=392, 462.52798pt x 346.89601pt>
File: ./figs/chapter4/chisq_cdf.pdf Graphic file (type pdf)
<use ./figs/chapter4/chisq_cdf.pdf>
Package pdftex.def Info: ./figs/chapter4/chisq_cdf.pdf  used on input line 819.

(pdftex.def)             Requested size: 542.02501pt x 406.53893pt.
<./figs/chapter4/chisq_pdf.pdf, id=393, 462.52798pt x 346.89601pt>
File: ./figs/chapter4/chisq_pdf.pdf Graphic file (type pdf)
<use ./figs/chapter4/chisq_pdf.pdf>
Package pdftex.def Info: ./figs/chapter4/chisq_pdf.pdf  used on input line 825.

(pdftex.def)             Requested size: 542.02501pt x 406.53893pt.
 [17 <./figs/chapter3/bpsk_map_density.pdf>] [18 <./figs/chapter4/chisq_cdf.pdf
>] [19 <./figs/chapter4/chisq_pdf.pdf>]

LaTeX Warning: Reference `eq:chisq2_cdf_gen' on page 20 undefined on input line
 884.

<./figs/chapter4/rayleigh_cdf.pdf, id=511, 462.52798pt x 346.89601pt>
File: ./figs/chapter4/rayleigh_cdf.pdf Graphic file (type pdf)
<use ./figs/chapter4/rayleigh_cdf.pdf>
Package pdftex.def Info: ./figs/chapter4/rayleigh_cdf.pdf  used on input line 9
11.
(pdftex.def)             Requested size: 542.02501pt x 406.53893pt.
<./figs/chapter4/rayleigh_pdf.pdf, id=512, 462.52798pt x 346.89601pt>
File: ./figs/chapter4/rayleigh_pdf.pdf Graphic file (type pdf)
<use ./figs/chapter4/rayleigh_pdf.pdf>
Package pdftex.def Info: ./figs/chapter4/rayleigh_pdf.pdf  used on input line 9
17.
(pdftex.def)             Requested size: 542.02501pt x 406.53893pt.
[20] [21 <./figs/chapter4/rayleigh_cdf.pdf>] [22 <./figs/chapter4/rayleigh_pdf.
pdf>]
<./figs/chapter4/prob_error.pdf, id=595, 462.52798pt x 346.89601pt>
File: ./figs/chapter4/prob_error.pdf Graphic file (type pdf)
<use ./figs/chapter4/prob_error.pdf>
Package pdftex.def Info: ./figs/chapter4/prob_error.pdf  used on input line 100
8.
(pdftex.def)             Requested size: 542.02501pt x 406.53893pt.
 [23]
<./figs/chapter5/biv_scatter.pdf, id=599, 462.52798pt x 346.89601pt>
File: ./figs/chapter5/biv_scatter.pdf Graphic file (type pdf)
<use ./figs/chapter5/biv_scatter.pdf>
Package pdftex.def Info: ./figs/chapter5/biv_scatter.pdf  used on input line 10
70.
(pdftex.def)             Requested size: 542.02501pt x 406.53893pt.
 [24 <./figs/chapter4/prob_error.pdf>] [25 <./figs/chapter5/biv_scatter.pdf>]
<./figs/chapter5/biv_pe_vs_snr.pdf, id=668, 462.52798pt x 346.89601pt>
File: ./figs/chapter5/biv_pe_vs_snr.pdf Graphic file (type pdf)
<use ./figs/chapter5/biv_pe_vs_snr.pdf>
Package pdftex.def Info: ./figs/chapter5/biv_pe_vs_snr.pdf  used on input line 
1158.
(pdftex.def)             Requested size: 542.02501pt x 406.53893pt.
 [26]
Package epstopdf Info: Source file: <./figs/chapter6/bpsk_const.eps>
(epstopdf)                    date: 2022-12-26 11:23:29
(epstopdf)                    size: 354313 bytes
(epstopdf)             Output file: <./figs/chapter6/bpsk_const-eps-converted-t
o.pdf>
(epstopdf)                    date: 2022-12-26 11:24:08
(epstopdf)                    size: 9648 bytes
(epstopdf)             Command: <repstopdf --outfile=./figs/chapter6/bpsk_const
-eps-converted-to.pdf ./figs/chapter6/bpsk_const.eps>
(epstopdf)             \includegraphics on input line 1175.
Package epstopdf Info: Output file is already uptodate.
<./figs/chapter6/bpsk_const-eps-converted-to.pdf, id=672, 562.1pt x 308.15125pt
>
File: ./figs/chapter6/bpsk_const-eps-converted-to.pdf Graphic file (type pdf)
<use ./figs/chapter6/bpsk_const-eps-converted-to.pdf>
Package pdftex.def Info: ./figs/chapter6/bpsk_const-eps-converted-to.pdf  used 
on input line 1175.
(pdftex.def)             Requested size: 542.02501pt x 297.1619pt.
 [27 <./figs/chapter5/biv_pe_vs_snr.pdf>]

LaTeX Warning: Reference `eq:map_rule' on page 28 undefined on input line 1198.


[28 <./figs/chapter6/bpsk_const-eps-converted-to.pdf>]
<./figs/chapter6/bpsk_ber.pdf, id=724, 462.52798pt x 346.89601pt>
File: ./figs/chapter6/bpsk_ber.pdf Graphic file (type pdf)
<use ./figs/chapter6/bpsk_ber.pdf>
Package pdftex.def Info: ./figs/chapter6/bpsk_ber.pdf  used on input line 1269.

(pdftex.def)             Requested size: 542.02501pt x 406.53893pt.
 [29]
<./figs/chapter6/bfsk_const.pdf, id=728, 517.935pt x 303.1325pt>
File: ./figs/chapter6/bfsk_const.pdf Graphic file (type pdf)
<use ./figs/chapter6/bfsk_const.pdf>
Package pdftex.def Info: ./figs/chapter6/bfsk_const.pdf  used on input line 130
6.
(pdftex.def)             Requested size: 542.02501pt x 317.26704pt.
 [30 <./figs/chapter6/bpsk_ber.pdf>] [31 <./figs/chapter6/bfsk_const.pdf>]
<./figs/chapter6/bfsk_coherent_ber.pdf, id=775, 462.52798pt x 346.89601pt>
File: ./figs/chapter6/bfsk_coherent_ber.pdf Graphic file (type pdf)
<use ./figs/chapter6/bfsk_coherent_ber.pdf>
Package pdftex.def Info: ./figs/chapter6/bfsk_coherent_ber.pdf  used on input l
ine 1401.
(pdftex.def)             Requested size: 542.02501pt x 406.53893pt.
 [32] [33 <./figs/chapter6/bfsk_coherent_ber.pdf>] [34]
<./figs/chapter6/zero_corr_verify.pdf, id=829, 462.52798pt x 346.89601pt>
File: ./figs/chapter6/zero_corr_verify.pdf Graphic file (type pdf)
<use ./figs/chapter6/zero_corr_verify.pdf>
Package pdftex.def Info: ./figs/chapter6/zero_corr_verify.pdf  used on input li
ne 1538.
(pdftex.def)             Requested size: 542.02501pt x 406.53893pt.
 [35 <./figs/chapter6/zero_corr_verify.pdf>]
[36]
<./figs/chapter6/qpsk_ber.pdf, id=848, 462.52798pt x 346.89601pt>
File: ./figs/chapter6/qpsk_ber.pdf Graphic file (type pdf)
<use ./figs/chapter6/qpsk_ber.pdf>
Package pdftex.def Info: ./figs/chapter6/qpsk_ber.pdf  used on input line 1611.

(pdftex.def)             Requested size: 542.02501pt x 406.53893pt.
 [37] [38 <./figs/chapter6/qpsk_ber.pdf>] [39] [40] [41] (./main.aux)

LaTeX Warning: There were undefined references.

 ) 
Here is how much of TeX's memory you used:
 8739 strings out of 481239
 132778 string characters out of 5920378
 599327 words of memory out of 5000000
 23878 multiletter control sequences out of 15000+600000
 571279 words of font info for 103 fonts, out of 8000000 for 9000
 1141 hyphenation exceptions out of 8191
 41i,15n,42p,396b,1937s stack positions out of 5000i,500n,10000p,200000b,80000s
{/usr/share/texlive/texmf-dist/fonts/enc/dvips/base/8r.enc}</usr/share/texliv
e/texmf-dist/fonts/type1/public/amsfonts/cm/cmbx10.pfb></usr/share/texlive/texm
f-dist/fonts/type1/public/amsfonts/cm/cmbx7.pfb></usr/share/texlive/texmf-dist/
fonts/type1/public/amsfonts/cm/cmex10.pfb></usr/share/texlive/texmf-dist/fonts/
type1/public/amsfonts/cm/cmmi10.pfb></usr/share/texlive/texmf-dist/fonts/type1/
public/amsfonts/cm/cmmi5.pfb></usr/share/texlive/texmf-dist/fonts/type1/public/
amsfonts/cm/cmmi6.pfb></usr/share/texlive/texmf-dist/fonts/type1/public/amsfont
s/cm/cmmi7.pfb></usr/share/texlive/texmf-dist/fonts/type1/public/amsfonts/cm/cm
mi9.pfb></usr/share/texlive/texmf-dist/fonts/type1/public/amsfonts/cm/cmr10.pfb
></usr/share/texlive/texmf-dist/fonts/type1/public/amsfonts/cm/cmr5.pfb></usr/s
hare/texlive/texmf-dist/fonts/type1/public/amsfonts/cm/cmr6.pfb></usr/share/tex
live/texmf-dist/fonts/type1/public/amsfonts/cm/cmr7.pfb></usr/share/texlive/tex
mf-dist/fonts/type1/public/amsfonts/cm/cmr9.pfb></usr/share/texlive/texmf-dist/
fonts/type1/public/amsfonts/cm/cmsy10.pfb></usr/share/texlive/texmf-dist/fonts/
type1/public/amsfonts/cm/cmsy5.pfb></usr/share/texlive/texmf-dist/fonts/type1/p
ublic/amsfonts/cm/cmsy7.pfb></usr/share/texlive/texmf-dist/fonts/type1/public/a
msfonts/cm/cmsy9.pfb></usr/share/texlive/texmf-dist/fonts/type1/public/amsfonts
/symbols/msam10.pfb></usr/share/texlive/texmf-dist/fonts/type1/public/amsfonts/
symbols/msbm10.pfb></usr/share/texlive/texmf-dist/fonts/type1/urw/courier/ucrb8
a.pfb></usr/share/texlive/texmf-dist/fonts/type1/urw/courier/ucrr8a.pfb></usr/s
hare/texlive/texmf-dist/fonts/type1/urw/times/utmb8a.pfb></usr/share/texlive/te
xmf-dist/fonts/type1/urw/times/utmr8a.pfb></usr/share/texlive/texmf-dist/fonts/
type1/urw/times/utmri8a.pfb>
Output written on main.pdf (41 pages, 620649 bytes).
PDF statistics:
 983 PDF objects out of 1000 (max. 8388607)
 357 compressed objects within 4 object streams
 0 named destinations out of 1000 (max. 500000)
 116 words of extra memory for PDF output out of 10000 (max. 10000000)

